<?xml version="1.0" encoding="UTF-8"?>
<testsuite name="SILab2Test" tests="2" skipped="0" failures="0" errors="0" timestamp="2025-05-16T00:15:00" hostname="ANDREJ" time="0.018">
  <properties/>
  <testcase name="everyStatementTestC0()" classname="SILab2Test" time="0.015"/>
  <testcase name="multipleConditionTest()" classname="SILab2Test" time="0.001"/>
  <system-out><![CDATA[]]></system-out>
  <system-err><![CDATA[]]></system-err>
</testsuite>
